<?xml version="1.0" encoding="UTF-8"?>
<!-- Generated by org.testng.reporters.JUnitXMLReporter -->
<testsuite ignored="12" hostname="MSI" failures="0" tests="1" name="Default test" time="27.483" errors="0" timestamp="2023-03-02T11:00:16 IST">
  <testcase classname="com.testcases.AboutUsTest" name="searchTest" time="16.22"/>
  <testcase classname="com.testcases.AboutUsTest" name="productDropDownTest" time="0.0">
    <ignored/>
  </testcase> <!-- productDropDownTest -->
  <testcase classname="com.testcases.AboutUsTest" name="sauceMobileClick" time="0.0">
    <ignored/>
  </testcase> <!-- sauceMobileClick -->
  <testcase classname="com.testcases.AboutUsTest" name="aboutusTest" time="0.0">
    <ignored/>
  </testcase> <!-- aboutusTest -->
  <testcase classname="com.testcases.AboutUsTest" name="saucecrossbrowserImage" time="0.0">
    <ignored/>
  </testcase> <!-- saucecrossbrowserImage -->
  <testcase classname="com.testcases.AboutUsTest" name="privacyPolicyTest" time="0.0">
    <ignored/>
  </testcase> <!-- privacyPolicyTest -->
  <testcase classname="com.testcases.AboutUsTest" name="loginTest" time="0.0">
    <ignored/>
  </testcase> <!-- loginTest -->
  <testcase classname="com.testcases.AboutUsTest" name="footerTest" time="0.0">
    <ignored/>
  </testcase> <!-- footerTest -->
  <testcase classname="com.testcases.AboutUsTest" name="latestResourceTest" time="0.0">
    <ignored/>
  </testcase> <!-- latestResourceTest -->
  <testcase classname="com.testcases.AboutUsTest" name="aboutUsImageTest" time="0.0">
    <ignored/>
  </testcase> <!-- aboutUsImageTest -->
  <testcase classname="com.testcases.AboutUsTest" name="blogToBack" time="0.0">
    <ignored/>
  </testcase> <!-- blogToBack -->
  <testcase classname="com.testcases.AboutUsTest" name="blogTextTest" time="0.0">
    <ignored/>
  </testcase> <!-- blogTextTest -->
  <testcase classname="com.testcases.AboutUsTest" name="scrollToClickTest" time="0.0">
    <ignored/>
  </testcase> <!-- scrollToClickTest -->
</testsuite> <!-- Default test -->
