<?xml version="1.0" encoding="UTF-8"?>
<!-- Generated by org.testng.reporters.JUnitXMLReporter -->
<testsuite ignored="0" hostname="MSI" failures="0" tests="15" name="Test" time="113.337" errors="0" timestamp="2023-03-02T16:46:11 IST">
  <testcase classname="com.testcases.AboutUsTest" name="aboutUsImageTest" time="5.783"/>
  <testcase classname="com.testcases.AboutUsTest" name="aboutusTest" time="3.878"/>
  <testcase classname="com.testcases.AboutUsTest" name="blogTextTest" time="4.607"/>
  <testcase classname="com.testcases.AboutUsTest" name="blogToBack" time="6.218"/>
  <testcase classname="com.testcases.AboutUsTest" name="footerTest" time="5.78"/>
  <testcase classname="com.testcases.AboutUsTest" name="latestResourceTest" time="3.631"/>
  <testcase classname="com.testcases.AboutUsTest" name="loginTest" time="0.24"/>
  <testcase classname="com.testcases.AboutUsTest" name="privacyPolicyTest" time="3.906"/>
  <testcase classname="com.testcases.AboutUsTest" name="productDropDownTest" time="5.523"/>
  <testcase classname="com.testcases.AboutUsTest" name="sauceMobileClick" time="3.522"/>
  <testcase classname="com.testcases.AboutUsTest" name="saucecrossbrowserImage" time="5.5"/>
  <testcase classname="com.testcases.AboutUsTest" name="scrollToClickTest" time="2.918"/>
  <testcase classname="com.testcases.AboutUsTest" name="searchTest" time="7.116"/>
  <testcase classname="com.testcases.LogOutTest" name="loginTextTest" time="2.457"/>
  <testcase classname="com.testcases.LogOutTest" name="logoutClickTest" time="2.419"/>
</testsuite> <!-- Test -->
