<?xml version="1.0" encoding="UTF-8"?>
<testng-results ignored="0" total="15" passed="15" failed="0" skipped="0">
  <reporter-output>
  </reporter-output>
  <suite started-at="2023-03-02T16:44:18 IST" name="Suite" finished-at="2023-03-02T16:46:11 IST" duration-ms="113337">
    <groups>
    </groups>
    <test started-at="2023-03-02T16:44:18 IST" name="Test" finished-at="2023-03-02T16:46:11 IST" duration-ms="113337">
      <class name="com.testcases.AboutUsTest">
        <test-method is-config="true" signature="setup()[pri:0, instance:com.testcases.AboutUsTest@32eff876]" started-at="2023-03-02T16:44:18 IST" name="setup" finished-at="2023-03-02T16:44:25 IST" duration-ms="6830" status="PASS">
          <reporter-output>
          </reporter-output>
        </test-method> <!-- setup -->
        <test-method signature="aboutUsImageTest()[pri:0, instance:com.testcases.AboutUsTest@32eff876]" started-at="2023-03-02T16:44:25 IST" name="aboutUsImageTest" finished-at="2023-03-02T16:44:31 IST" duration-ms="5783" status="PASS">
          <reporter-output>
          </reporter-output>
        </test-method> <!-- aboutUsImageTest -->
        <test-method is-config="true" signature="closeSetup()[pri:0, instance:com.testcases.AboutUsTest@32eff876]" started-at="2023-03-02T16:44:31 IST" name="closeSetup" finished-at="2023-03-02T16:44:31 IST" duration-ms="154" status="PASS">
          <reporter-output>
          </reporter-output>
        </test-method> <!-- closeSetup -->
        <test-method is-config="true" signature="setup()[pri:0, instance:com.testcases.AboutUsTest@32eff876]" started-at="2023-03-02T16:44:31 IST" name="setup" finished-at="2023-03-02T16:44:35 IST" duration-ms="4382" status="PASS">
          <reporter-output>
          </reporter-output>
        </test-method> <!-- setup -->
        <test-method signature="aboutusTest()[pri:0, instance:com.testcases.AboutUsTest@32eff876]" started-at="2023-03-02T16:44:35 IST" name="aboutusTest" finished-at="2023-03-02T16:44:39 IST" duration-ms="3878" status="PASS">
          <reporter-output>
          </reporter-output>
        </test-method> <!-- aboutusTest -->
        <test-method is-config="true" signature="closeSetup()[pri:0, instance:com.testcases.AboutUsTest@32eff876]" started-at="2023-03-02T16:44:39 IST" name="closeSetup" finished-at="2023-03-02T16:44:39 IST" duration-ms="188" status="PASS">
          <reporter-output>
          </reporter-output>
        </test-method> <!-- closeSetup -->
        <test-method is-config="true" signature="setup()[pri:0, instance:com.testcases.AboutUsTest@32eff876]" started-at="2023-03-02T16:44:39 IST" name="setup" finished-at="2023-03-02T16:44:42 IST" duration-ms="3202" status="PASS">
          <reporter-output>
          </reporter-output>
        </test-method> <!-- setup -->
        <test-method signature="blogTextTest()[pri:0, instance:com.testcases.AboutUsTest@32eff876]" started-at="2023-03-02T16:44:42 IST" name="blogTextTest" finished-at="2023-03-02T16:44:47 IST" duration-ms="4607" status="PASS">
          <reporter-output>
          </reporter-output>
        </test-method> <!-- blogTextTest -->
        <test-method is-config="true" signature="closeSetup()[pri:0, instance:com.testcases.AboutUsTest@32eff876]" started-at="2023-03-02T16:44:47 IST" name="closeSetup" finished-at="2023-03-02T16:44:47 IST" duration-ms="177" status="PASS">
          <reporter-output>
          </reporter-output>
        </test-method> <!-- closeSetup -->
        <test-method is-config="true" signature="setup()[pri:0, instance:com.testcases.AboutUsTest@32eff876]" started-at="2023-03-02T16:44:47 IST" name="setup" finished-at="2023-03-02T16:44:51 IST" duration-ms="3717" status="PASS">
          <reporter-output>
          </reporter-output>
        </test-method> <!-- setup -->
        <test-method signature="blogToBack()[pri:0, instance:com.testcases.AboutUsTest@32eff876]" started-at="2023-03-02T16:44:51 IST" name="blogToBack" finished-at="2023-03-02T16:44:57 IST" duration-ms="6218" status="PASS">
          <reporter-output>
          </reporter-output>
        </test-method> <!-- blogToBack -->
        <test-method is-config="true" signature="closeSetup()[pri:0, instance:com.testcases.AboutUsTest@32eff876]" started-at="2023-03-02T16:44:57 IST" name="closeSetup" finished-at="2023-03-02T16:44:57 IST" duration-ms="184" status="PASS">
          <reporter-output>
          </reporter-output>
        </test-method> <!-- closeSetup -->
        <test-method is-config="true" signature="setup()[pri:0, instance:com.testcases.AboutUsTest@32eff876]" started-at="2023-03-02T16:44:57 IST" name="setup" finished-at="2023-03-02T16:45:01 IST" duration-ms="3503" status="PASS">
          <reporter-output>
          </reporter-output>
        </test-method> <!-- setup -->
        <test-method signature="footerTest()[pri:0, instance:com.testcases.AboutUsTest@32eff876]" started-at="2023-03-02T16:45:01 IST" name="footerTest" finished-at="2023-03-02T16:45:07 IST" duration-ms="5780" status="PASS">
          <reporter-output>
          </reporter-output>
        </test-method> <!-- footerTest -->
        <test-method is-config="true" signature="closeSetup()[pri:0, instance:com.testcases.AboutUsTest@32eff876]" started-at="2023-03-02T16:45:07 IST" name="closeSetup" finished-at="2023-03-02T16:45:07 IST" duration-ms="226" status="PASS">
          <reporter-output>
          </reporter-output>
        </test-method> <!-- closeSetup -->
        <test-method is-config="true" signature="setup()[pri:0, instance:com.testcases.AboutUsTest@32eff876]" started-at="2023-03-02T16:45:07 IST" name="setup" finished-at="2023-03-02T16:45:10 IST" duration-ms="2818" status="PASS">
          <reporter-output>
          </reporter-output>
        </test-method> <!-- setup -->
        <test-method signature="latestResourceTest()[pri:0, instance:com.testcases.AboutUsTest@32eff876]" started-at="2023-03-02T16:45:10 IST" name="latestResourceTest" finished-at="2023-03-02T16:45:13 IST" duration-ms="3631" status="PASS">
          <reporter-output>
          </reporter-output>
        </test-method> <!-- latestResourceTest -->
        <test-method is-config="true" signature="closeSetup()[pri:0, instance:com.testcases.AboutUsTest@32eff876]" started-at="2023-03-02T16:45:13 IST" name="closeSetup" finished-at="2023-03-02T16:45:13 IST" duration-ms="187" status="PASS">
          <reporter-output>
          </reporter-output>
        </test-method> <!-- closeSetup -->
        <test-method is-config="true" signature="setup()[pri:0, instance:com.testcases.AboutUsTest@32eff876]" started-at="2023-03-02T16:45:13 IST" name="setup" finished-at="2023-03-02T16:45:16 IST" duration-ms="2574" status="PASS">
          <reporter-output>
          </reporter-output>
        </test-method> <!-- setup -->
        <test-method signature="loginTest()[pri:0, instance:com.testcases.AboutUsTest@32eff876]" started-at="2023-03-02T16:45:16 IST" name="loginTest" finished-at="2023-03-02T16:45:16 IST" duration-ms="240" status="PASS">
          <reporter-output>
          </reporter-output>
        </test-method> <!-- loginTest -->
        <test-method is-config="true" signature="closeSetup()[pri:0, instance:com.testcases.AboutUsTest@32eff876]" started-at="2023-03-02T16:45:16 IST" name="closeSetup" finished-at="2023-03-02T16:45:16 IST" duration-ms="172" status="PASS">
          <reporter-output>
          </reporter-output>
        </test-method> <!-- closeSetup -->
        <test-method is-config="true" signature="setup()[pri:0, instance:com.testcases.AboutUsTest@32eff876]" started-at="2023-03-02T16:45:16 IST" name="setup" finished-at="2023-03-02T16:45:19 IST" duration-ms="2666" status="PASS">
          <reporter-output>
          </reporter-output>
        </test-method> <!-- setup -->
        <test-method signature="privacyPolicyTest()[pri:0, instance:com.testcases.AboutUsTest@32eff876]" started-at="2023-03-02T16:45:19 IST" name="privacyPolicyTest" finished-at="2023-03-02T16:45:23 IST" duration-ms="3906" status="PASS">
          <reporter-output>
          </reporter-output>
        </test-method> <!-- privacyPolicyTest -->
        <test-method is-config="true" signature="closeSetup()[pri:0, instance:com.testcases.AboutUsTest@32eff876]" started-at="2023-03-02T16:45:23 IST" name="closeSetup" finished-at="2023-03-02T16:45:23 IST" duration-ms="209" status="PASS">
          <reporter-output>
          </reporter-output>
        </test-method> <!-- closeSetup -->
        <test-method is-config="true" signature="setup()[pri:0, instance:com.testcases.AboutUsTest@32eff876]" started-at="2023-03-02T16:45:23 IST" name="setup" finished-at="2023-03-02T16:45:26 IST" duration-ms="2731" status="PASS">
          <reporter-output>
          </reporter-output>
        </test-method> <!-- setup -->
        <test-method signature="productDropDownTest()[pri:0, instance:com.testcases.AboutUsTest@32eff876]" started-at="2023-03-02T16:45:26 IST" name="productDropDownTest" finished-at="2023-03-02T16:45:31 IST" duration-ms="5523" status="PASS">
          <reporter-output>
          </reporter-output>
        </test-method> <!-- productDropDownTest -->
        <test-method is-config="true" signature="closeSetup()[pri:0, instance:com.testcases.AboutUsTest@32eff876]" started-at="2023-03-02T16:45:31 IST" name="closeSetup" finished-at="2023-03-02T16:45:32 IST" duration-ms="186" status="PASS">
          <reporter-output>
          </reporter-output>
        </test-method> <!-- closeSetup -->
        <test-method is-config="true" signature="setup()[pri:0, instance:com.testcases.AboutUsTest@32eff876]" started-at="2023-03-02T16:45:32 IST" name="setup" finished-at="2023-03-02T16:45:34 IST" duration-ms="2483" status="PASS">
          <reporter-output>
          </reporter-output>
        </test-method> <!-- setup -->
        <test-method signature="sauceMobileClick()[pri:0, instance:com.testcases.AboutUsTest@32eff876]" started-at="2023-03-02T16:45:34 IST" name="sauceMobileClick" finished-at="2023-03-02T16:45:38 IST" duration-ms="3522" status="PASS">
          <reporter-output>
          </reporter-output>
        </test-method> <!-- sauceMobileClick -->
        <test-method is-config="true" signature="closeSetup()[pri:0, instance:com.testcases.AboutUsTest@32eff876]" started-at="2023-03-02T16:45:38 IST" name="closeSetup" finished-at="2023-03-02T16:45:38 IST" duration-ms="180" status="PASS">
          <reporter-output>
          </reporter-output>
        </test-method> <!-- closeSetup -->
        <test-method is-config="true" signature="setup()[pri:0, instance:com.testcases.AboutUsTest@32eff876]" started-at="2023-03-02T16:45:38 IST" name="setup" finished-at="2023-03-02T16:45:41 IST" duration-ms="2857" status="PASS">
          <reporter-output>
          </reporter-output>
        </test-method> <!-- setup -->
        <test-method signature="saucecrossbrowserImage()[pri:0, instance:com.testcases.AboutUsTest@32eff876]" started-at="2023-03-02T16:45:41 IST" name="saucecrossbrowserImage" finished-at="2023-03-02T16:45:46 IST" duration-ms="5500" status="PASS">
          <reporter-output>
          </reporter-output>
        </test-method> <!-- saucecrossbrowserImage -->
        <test-method is-config="true" signature="closeSetup()[pri:0, instance:com.testcases.AboutUsTest@32eff876]" started-at="2023-03-02T16:45:46 IST" name="closeSetup" finished-at="2023-03-02T16:45:46 IST" duration-ms="203" status="PASS">
          <reporter-output>
          </reporter-output>
        </test-method> <!-- closeSetup -->
        <test-method is-config="true" signature="setup()[pri:0, instance:com.testcases.AboutUsTest@32eff876]" started-at="2023-03-02T16:45:46 IST" name="setup" finished-at="2023-03-02T16:45:49 IST" duration-ms="2210" status="PASS">
          <reporter-output>
          </reporter-output>
        </test-method> <!-- setup -->
        <test-method signature="scrollToClickTest()[pri:0, instance:com.testcases.AboutUsTest@32eff876]" started-at="2023-03-02T16:45:49 IST" name="scrollToClickTest" finished-at="2023-03-02T16:45:52 IST" duration-ms="2918" status="PASS">
          <reporter-output>
          </reporter-output>
        </test-method> <!-- scrollToClickTest -->
        <test-method is-config="true" signature="closeSetup()[pri:0, instance:com.testcases.AboutUsTest@32eff876]" started-at="2023-03-02T16:45:52 IST" name="closeSetup" finished-at="2023-03-02T16:45:52 IST" duration-ms="246" status="PASS">
          <reporter-output>
          </reporter-output>
        </test-method> <!-- closeSetup -->
        <test-method is-config="true" signature="setup()[pri:0, instance:com.testcases.AboutUsTest@32eff876]" started-at="2023-03-02T16:45:52 IST" name="setup" finished-at="2023-03-02T16:45:54 IST" duration-ms="2370" status="PASS">
          <reporter-output>
          </reporter-output>
        </test-method> <!-- setup -->
        <test-method signature="searchTest()[pri:0, instance:com.testcases.AboutUsTest@32eff876]" started-at="2023-03-02T16:45:54 IST" name="searchTest" finished-at="2023-03-02T16:46:01 IST" duration-ms="7116" status="PASS">
          <reporter-output>
          </reporter-output>
        </test-method> <!-- searchTest -->
        <test-method is-config="true" signature="closeSetup()[pri:0, instance:com.testcases.AboutUsTest@32eff876]" started-at="2023-03-02T16:46:01 IST" name="closeSetup" finished-at="2023-03-02T16:46:01 IST" duration-ms="203" status="PASS">
          <reporter-output>
          </reporter-output>
        </test-method> <!-- closeSetup -->
      </class> <!-- com.testcases.AboutUsTest -->
      <class name="com.testcases.LogOutTest">
        <test-method is-config="true" signature="setup()[pri:0, instance:com.testcases.LogOutTest@6c64cb25]" started-at="2023-03-02T16:46:01 IST" name="setup" finished-at="2023-03-02T16:46:04 IST" duration-ms="2204" status="PASS">
          <reporter-output>
          </reporter-output>
        </test-method> <!-- setup -->
        <test-method signature="loginTextTest()[pri:0, instance:com.testcases.LogOutTest@6c64cb25]" started-at="2023-03-02T16:46:04 IST" name="loginTextTest" finished-at="2023-03-02T16:46:06 IST" duration-ms="2457" status="PASS">
          <reporter-output>
          </reporter-output>
        </test-method> <!-- loginTextTest -->
        <test-method is-config="true" signature="closeSetup()[pri:0, instance:com.testcases.LogOutTest@6c64cb25]" started-at="2023-03-02T16:46:06 IST" name="closeSetup" finished-at="2023-03-02T16:46:06 IST" duration-ms="180" status="PASS">
          <reporter-output>
          </reporter-output>
        </test-method> <!-- closeSetup -->
        <test-method is-config="true" signature="setup()[pri:0, instance:com.testcases.LogOutTest@6c64cb25]" started-at="2023-03-02T16:46:06 IST" name="setup" finished-at="2023-03-02T16:46:09 IST" duration-ms="2355" status="PASS">
          <reporter-output>
          </reporter-output>
        </test-method> <!-- setup -->
        <test-method signature="logoutClickTest()[pri:0, instance:com.testcases.LogOutTest@6c64cb25]" started-at="2023-03-02T16:46:09 IST" name="logoutClickTest" finished-at="2023-03-02T16:46:11 IST" duration-ms="2419" status="PASS">
          <reporter-output>
          </reporter-output>
        </test-method> <!-- logoutClickTest -->
        <test-method is-config="true" signature="closeSetup()[pri:0, instance:com.testcases.LogOutTest@6c64cb25]" started-at="2023-03-02T16:46:11 IST" name="closeSetup" finished-at="2023-03-02T16:46:11 IST" duration-ms="189" status="PASS">
          <reporter-output>
          </reporter-output>
        </test-method> <!-- closeSetup -->
      </class> <!-- com.testcases.LogOutTest -->
    </test> <!-- Test -->
  </suite> <!-- Suite -->
</testng-results>
